<?xml version="1.0" encoding="UTF-8"?>
<!-- Generated by org.testng.reporters.JUnitReportReporter -->
<testsuite hostname="DESKTOP-L07UMCJ" failures="0" tests="4" name="api.test.UserTests" time="7.937" errors="0" timestamp="2024-08-27T21:26:35 IST" skipped="0">
  <testcase classname="api.test.UserTests" name="testPostUser" time="3.200"/>
  <system-out/>
  <testcase classname="api.test.UserTests" name="testGetUserByName" time="1.181"/>
  <system-out/>
  <testcase classname="api.test.UserTests" name="testUpdateUser" time="2.339"/>
  <system-out/>
  <testcase classname="api.test.UserTests" name="testDeleteUserByName" time="1.217"/>
  <system-out/>
</testsuite> <!-- api.test.UserTests -->
