<?xml version="1.0" encoding="UTF-8"?>
<!-- Generated by org.testng.reporters.JUnitReportReporter -->
<testsuite hostname="DESKTOP-L07UMCJ" failures="0" tests="4" name="api.test.UserTests2" time="18.302" errors="0" timestamp="2024-08-28T11:15:59 IST" skipped="0">
  <testcase classname="api.test.UserTests2" name="testPostUser" time="7.042"/>
  <system-out/>
  <testcase classname="api.test.UserTests2" name="testGetUserByName" time="3.459"/>
  <system-out/>
  <testcase classname="api.test.UserTests2" name="testUpdateUser" time="5.821"/>
  <system-out/>
  <testcase classname="api.test.UserTests2" name="testDeleteUserByName" time="1.980"/>
  <system-out/>
</testsuite> <!-- api.test.UserTests2 -->
