<?xml version="1.0" encoding="UTF-8"?>
<!-- Generated by org.testng.reporters.JUnitReportReporter -->
<testsuite hostname="DESKTOP-L07UMCJ" failures="0" tests="4" name="api.test.UserTests2" time="17.180" errors="0" timestamp="2024-08-28T12:06:11 IST" skipped="0">
  <testcase classname="api.test.UserTests2" name="testPostUser" time="5.539"/>
  <system-out/>
  <testcase classname="api.test.UserTests2" name="testGetUserByName" time="2.454"/>
  <system-out/>
  <testcase classname="api.test.UserTests2" name="testUpdateUser" time="5.205"/>
  <system-out/>
  <testcase classname="api.test.UserTests2" name="testDeleteUserByName" time="3.982"/>
  <system-out/>
</testsuite> <!-- api.test.UserTests2 -->
